101102 16:57:36 [Note] Plugin 'FEDERATED' is disabled.
InnoDB: The first specified data file .\ibdata1 did not exist:
InnoDB: a new database to be created!
101102 16:57:37  InnoDB: Setting file .\ibdata1 size to 10 MB
InnoDB: Database physically writes the file full: wait...
101102 16:57:37  InnoDB: Log file .\ib_logfile0 did not exist: new to be created
InnoDB: Setting log file .\ib_logfile0 size to 55 MB
InnoDB: Database physically writes the file full: wait...
101102 16:57:38  InnoDB: Log file .\ib_logfile1 did not exist: new to be created
InnoDB: Setting log file .\ib_logfile1 size to 55 MB
InnoDB: Database physically writes the file full: wait...
InnoDB: Doublewrite buffer not found: creating new
InnoDB: Doublewrite buffer created
InnoDB: Creating foreign key constraint system tables
InnoDB: Foreign key constraint system tables created
101102 16:57:39  InnoDB: Started; log sequence number 0 0
101102 16:57:39 [Note] Event Scheduler: Loaded 0 events
101102 16:57:39 [Note] E:\MySQL\MySQL Server 5.1\bin\mysqld: ready for connections.
Version: '5.1.51-community'  socket: ''  port: 3306  MySQL Community Server (GPL)
101102 17:00:47 [Note] E:\MySQL\MySQL Server 5.1\bin\mysqld: Normal shutdown

101102 17:00:47 [Note] Event Scheduler: Purging the queue. 0 events
101102 17:00:47  InnoDB: Starting shutdown...
101102 17:00:50  InnoDB: Shutdown completed; log sequence number 0 44233
101102 17:00:50 [Note] E:\MySQL\MySQL Server 5.1\bin\mysqld: Shutdown complete

101102 17:00:51 [Note] Plugin 'FEDERATED' is disabled.
101102 17:00:51  InnoDB: Started; log sequence number 0 44233
101102 17:00:51 [Note] Event Scheduler: Loaded 0 events
101102 17:00:51 [Note] E:\MySQL\MySQL Server 5.1\bin\mysqld: ready for connections.
Version: '5.1.51-community'  socket: ''  port: 3306  MySQL Community Server (GPL)
101102 17:35:15 [Note] E:\MySQL\MySQL Server 5.1\bin\mysqld: Normal shutdown

101102 17:35:15 [Note] Event Scheduler: Purging the queue. 0 events
101102 17:35:15  InnoDB: Starting shutdown...
101102 17:35:17  InnoDB: Shutdown completed; log sequence number 0 89444
101102 17:35:17 [Note] E:\MySQL\MySQL Server 5.1\bin\mysqld: Shutdown complete

101102 17:35:18 [Note] Plugin 'FEDERATED' is disabled.
101102 17:35:18  InnoDB: Started; log sequence number 0 89444
101102 17:35:18 [Note] Event Scheduler: Loaded 0 events
101102 17:35:18 [Note] E:\MySQL\MySQL Server 5.1\bin\mysqld: ready for connections.
Version: '5.1.51-community'  socket: ''  port: 3306  MySQL Community Server (GPL)
