101101 20:55:15 [Note] Plugin 'FEDERATED' is disabled.
InnoDB: The first specified data file .\ibdata1 did not exist:
InnoDB: a new database to be created!
101101 20:55:15  InnoDB: Setting file .\ibdata1 size to 10 MB
InnoDB: Database physically writes the file full: wait...
101101 20:55:16  InnoDB: Log file .\ib_logfile0 did not exist: new to be created
InnoDB: Setting log file .\ib_logfile0 size to 55 MB
InnoDB: Database physically writes the file full: wait...
101101 20:55:17  InnoDB: Log file .\ib_logfile1 did not exist: new to be created
InnoDB: Setting log file .\ib_logfile1 size to 55 MB
InnoDB: Database physically writes the file full: wait...
InnoDB: Doublewrite buffer not found: creating new
InnoDB: Doublewrite buffer created
InnoDB: Creating foreign key constraint system tables
InnoDB: Foreign key constraint system tables created
101101 20:55:18  InnoDB: Started; log sequence number 0 0
101101 20:55:18 [Note] Event Scheduler: Loaded 0 events
101101 20:55:18 [Note] E:\MySQL\MySQL Server 5.1\bin\mysqld: ready for connections.
Version: '5.1.51-community'  socket: ''  port: 3306  MySQL Community Server (GPL)
101101 21:35:33 [Note] E:\MySQL\MySQL Server 5.1\bin\mysqld: Normal shutdown

101101 21:35:33 [Note] Event Scheduler: Purging the queue. 0 events
101101 21:35:33  InnoDB: Starting shutdown...
101101 21:35:38  InnoDB: Shutdown completed; log sequence number 0 54506
101101 21:35:38 [Note] E:\MySQL\MySQL Server 5.1\bin\mysqld: Shutdown complete

101101 21:53:10 [Note] Plugin 'FEDERATED' is disabled.
101101 21:53:12  InnoDB: Started; log sequence number 0 54506
101101 21:53:13 [Note] Event Scheduler: Loaded 0 events
101101 21:53:13 [Note] E:\MySQL\MySQL Server 5.1\bin\mysqld: ready for connections.
Version: '5.1.51-community'  socket: ''  port: 3306  MySQL Community Server (GPL)
101101 21:55:39 [Note] Plugin 'FEDERATED' is disabled.
101101 21:55:42  InnoDB: Started; log sequence number 0 54506
101101 21:55:43 [Note] Event Scheduler: Loaded 0 events
101101 21:55:43 [Note] E:\MySQL\MySQL Server 5.1\bin\mysqld: ready for connections.
Version: '5.1.51-community'  socket: ''  port: 3306  MySQL Community Server (GPL)
